<?xml version="1.0" encoding="UTF-8"?>
<!-- Generated by org.testng.reporters.JUnitReportReporter -->
<testsuite hostname="LAPTOP-VS4M272L" failures="0" tests="1" name="ThePackage1.DemoSearch" time="86.992" errors="0" timestamp="2023-11-23T00:43:24 IST" skipped="0">
  <testcase classname="ThePackage1.DemoSearch" name="testSearch" time="86.992"/>
</testsuite> <!-- ThePackage1.DemoSearch -->
