<?xml version="1.0" encoding="UTF-8"?>
<!-- Generated by org.testng.reporters.JUnitReportReporter -->
<testsuite hostname="LAPTOP-VS4M272L" failures="0" tests="2" name="ThePackage1.RandL" time="42.993" errors="0" timestamp="2023-11-20T13:04:59 IST" skipped="0">
  <testcase classname="ThePackage1.RandL" name="register" time="12.511"/>
  <testcase classname="ThePackage1.RandL" name="personal" time="30.482"/>
</testsuite> <!-- ThePackage1.RandL -->
