<?xml version="1.0" encoding="UTF-8"?>
<!-- Generated by org.testng.reporters.JUnitReportReporter -->
<testsuite hostname="LAPTOP-VS4M272L" failures="0" tests="1" name="ThePackage1.ForListeners" time="29.827" errors="0" timestamp="2023-11-20T13:05:53 IST" skipped="0">
  <testcase classname="ThePackage1.ForListeners" name="ExpFailTest" time="29.827"/>
</testsuite> <!-- ThePackage1.ForListeners -->
