<?xml version="1.0" encoding="UTF-8"?>
<!-- Generated by org.testng.reporters.JUnitReportReporter -->
<testsuite hostname="LAPTOP-VS4M272L" failures="0" tests="1" name="ThePackage1.BlackBox" time="31.332" errors="0" timestamp="2023-11-23T00:37:34 IST" skipped="0">
  <testcase classname="ThePackage1.BlackBox" name="ExpFailTest" time="31.332"/>
</testsuite> <!-- ThePackage1.BlackBox -->
